<?xml version="1.0" encoding="UTF-8"?>
<!-- Generated by org.testng.reporters.JUnitReportReporter -->
<testsuite hostname="LAPTOP-RK4E0QFO" failures="0" tests="1" name="testRunner.TestRunner" time="20.428" errors="0" timestamp="2022-11-12T22:26:42 IST" skipped="0">
  <testcase classname="testRunner.TestRunner" name="runScenario" time="20.428"/>
  <system-out/>
</testsuite> <!-- testRunner.TestRunner -->
